<?xml version="1.0" encoding="UTF-8"?>
<!-- Generated by org.testng.reporters.JUnitReportReporter -->
<testsuite hostname="Nischitha" name="E2EFramework.HomePage" tests="3" failures="0" timestamp="2 Oct 2017 10:44:21 GMT" time="32.109" errors="0">
  <testcase name="basePageNavigation" time="5.563" classname="E2EFramework.HomePage"/>
  <testcase name="basePageNavigation" time="6.344" classname="E2EFramework.HomePage"/>
  <testcase name="basePageNavigation" time="20.202" classname="E2EFramework.HomePage"/>
</testsuite> <!-- E2EFramework.HomePage -->
