<?xml version="1.0" encoding="UTF-8"?>
<!-- Generated by org.testng.reporters.JUnitReportReporter -->
<testsuite hostname="Nischitha" name="E2EFramework.HomePage" tests="3" failures="0" timestamp="2 Oct 2017 09:41:11 GMT" time="24.031" errors="0">
  <testcase name="basePageNavigation" time="6.004" classname="E2EFramework.HomePage"/>
  <testcase name="basePageNavigation" time="13.071" classname="E2EFramework.HomePage"/>
  <testcase name="basePageNavigation" time="4.956" classname="E2EFramework.HomePage"/>
</testsuite> <!-- E2EFramework.HomePage -->
