<?xml version="1.0" encoding="UTF-8"?>
<!-- Generated by org.testng.reporters.JUnitReportReporter -->
<testsuite skipped="0" hostname="Nischitha" name="E2EPractise.ValidateNavigation" tests="1" failures="0" timestamp="04 Feb 2018 19:18:45 GMT" time="0.466" errors="0">
  <testcase name="basePageNavigation" time="0.466" classname="E2EPractise.ValidateNavigation"/>
</testsuite> <!-- E2EPractise.ValidateNavigation -->
