<?xml version="1.0" encoding="UTF-8"?>
<!-- Generated by org.testng.reporters.JUnitReportReporter -->
<testsuite hostname="Nischitha" name="E2EPractise.ValidateNavigation" tests="1" failures="0" timestamp="7 Jan 2018 04:58:08 GMT" time="0.171" errors="0">
  <testcase name="basePageNavigation" time="0.171" classname="E2EPractise.ValidateNavigation"/>
</testsuite> <!-- E2EPractise.ValidateNavigation -->
