<?xml version="1.0" encoding="UTF-8"?>
<!-- Generated by org.testng.reporters.JUnitReportReporter -->
<testsuite hostname="Nischitha" name="E2EPractise.HomePage" tests="2" failures="0" timestamp="7 Jan 2018 04:58:08 GMT" time="28.507" errors="0">
  <testcase name="basePageNavigation" time="7.943" classname="E2EPractise.HomePage"/>
  <testcase name="basePageNavigation" time="20.564" classname="E2EPractise.HomePage"/>
</testsuite> <!-- E2EPractise.HomePage -->
